[debug] [2022-04-30T02:34:38.477Z] ----------------------------------------------------------------------
[debug] [2022-04-30T02:34:38.479Z] Command:       /usr/local/bin/node /usr/local/bin/firebase deploy
[debug] [2022-04-30T02:34:38.479Z] CLI Version:   10.7.1
[debug] [2022-04-30T02:34:38.479Z] Platform:      darwin
[debug] [2022-04-30T02:34:38.479Z] Node Version:  v16.14.2
[debug] [2022-04-30T02:34:38.488Z] Time:          Fri Apr 29 2022 21:34:38 GMT-0500 (Eastern Standard Time)
[debug] [2022-04-30T02:34:38.489Z] ----------------------------------------------------------------------
[debug] 
[debug] [2022-04-30T02:34:38.491Z] >>> [apiv2][query] GET https://firebase-public.firebaseio.com/cli.json [none]
[debug] [2022-04-30T02:34:38.558Z] > command requires scopes: ["email","openid","https://www.googleapis.com/auth/cloudplatformprojects.readonly","https://www.googleapis.com/auth/firebase","https://www.googleapis.com/auth/cloud-platform"]
[debug] [2022-04-30T02:34:38.558Z] > authorizing via signed-in user (juank060790@gmail.com)
[debug] [2022-04-30T02:34:38.558Z] [iam] checking project gardenhouse-344122 for permissions ["firebase.projects.get","firebasehosting.sites.update"]
[debug] [2022-04-30T02:34:38.559Z] > refreshing access token with scopes: []
[debug] [2022-04-30T02:34:38.559Z] >>> HTTP REQUEST POST https://www.googleapis.com/oauth2/v3/token  
 <request body omitted>
[debug] [2022-04-30T02:34:38.565Z] FetchError: request to https://firebase-public.firebaseio.com/cli.json failed, reason: getaddrinfo ENOTFOUND firebase-public.firebaseio.com
    at ClientRequest.<anonymous> (/usr/local/lib/node_modules/firebase-tools/node_modules/node-fetch/lib/index.js:1491:11)
    at ClientRequest.emit (node:events:526:28)
    at ClientRequest.emit (node:domain:475:12)
    at TLSSocket.socketErrorListener (node:_http_client:442:9)
    at TLSSocket.emit (node:events:526:28)
    at TLSSocket.emit (node:domain:475:12)
    at emitErrorNT (node:internal/streams/destroy:157:8)
    at emitErrorCloseNT (node:internal/streams/destroy:122:3)
    at processTicksAndRejections (node:internal/process/task_queues:83:21)
[error] 
[error] Error: Failed to make request to https://firebase-public.firebaseio.com/cli.json
[debug] [2022-04-30T02:34:38.570Z] [iam] error while checking permissions, command may fail: FirebaseError: Authentication Error: Your credentials are no longer valid. Please run firebase login --reauth

For CI servers and headless environments, generate a new token with firebase login:ci
[debug] [2022-04-30T02:34:38.570Z] > refreshing access token with scopes: []
[debug] [2022-04-30T02:34:38.570Z] >>> HTTP REQUEST POST https://www.googleapis.com/oauth2/v3/token  
 <request body omitted>
[debug] [2022-04-30T02:34:38.573Z] Authentication Error: Your credentials are no longer valid. Please run firebase login --reauth

For CI servers and headless environments, generate a new token with firebase login:ci
[debug] [2022-04-30T02:34:38.578Z] FirebaseError: Authentication Error: Your credentials are no longer valid. Please run firebase login --reauth

For CI servers and headless environments, generate a new token with firebase login:ci
    at invalidCredentialError (/usr/local/lib/node_modules/firebase-tools/lib/auth.js:145:12)
    at refreshTokens (/usr/local/lib/node_modules/firebase-tools/lib/auth.js:485:15)
    at processTicksAndRejections (node:internal/process/task_queues:96:5)
    at async Client.getAccessToken (/usr/local/lib/node_modules/firebase-tools/lib/apiv2.js:147:23)
    at async Client.addAuthHeader (/usr/local/lib/node_modules/firebase-tools/lib/apiv2.js:138:21)
    at async Client.request (/usr/local/lib/node_modules/firebase-tools/lib/apiv2.js:94:34)
    at async getFirebaseProject (/usr/local/lib/node_modules/firebase-tools/lib/management/projects.js:290:21)
    at async getDefaultHostingSite (/usr/local/lib/node_modules/firebase-tools/lib/getDefaultHostingSite.js:8:21)
    at async requireHostingSite (/usr/local/lib/node_modules/firebase-tools/lib/requireHostingSite.js:9:18)
    at async Object.fn (/usr/local/lib/node_modules/firebase-tools/lib/commands/deploy.js:73:9)
    at async /usr/local/lib/node_modules/firebase-tools/lib/command.js:188:17
[error] 
[error] Error: Failed to get Firebase project gardenhouse-344122. Please make sure the project exists and your account has permission to access it.
